Start auto log messages stack - Iteration 1.	[MsgId: MMSG-10545]
Start auto log messages stack - Iteration 1.	[MsgId: MMSG-10545]
Starting action Action.	[MsgId: MMSG-15919]
Action.c(3): web_set_max_html_param_len started  	[MsgId: MMSG-26355]
Starting action Action.	[MsgId: MMSG-15919]
Action.c(3): web_set_max_html_param_len started  	[MsgId: MMSG-26355]
Action.c(3): web_set_max_html_param_len was successful  	[MsgId: MMSG-26392]
Action.c(3): web_set_max_html_param_len was successful  	[MsgId: MMSG-26392]
Action.c(5): web_reg_save_param started  	[MsgId: MMSG-26355]
Action.c(5): web_reg_save_param started  	[MsgId: MMSG-26355]
Action.c(5): Registering web_reg_save_param was successful  	[MsgId: MMSG-26390]
Action.c(5): Registering web_reg_save_param was successful  	[MsgId: MMSG-26390]
Action.c(9): web_custom_request("get_token") started  	[MsgId: MMSG-26355]
Action.c(9): web_custom_request("get_token") started  	[MsgId: MMSG-26355]
Action.c(9): Continuing after Error -26547: Authentication required, please use "web_set_user", e.g. web_set_user("domain\\user", "password", "host:port");  	[MsgId: MERR-26547]
Action.c(9): Continuing after Error -26547: Authentication required, please use "web_set_user", e.g. web_set_user("domain\\user", "password", "host:port");  	[MsgId: MERR-26547]
Action.c(9): Continuing after Error -26630: HTTP Status-Code=401 (Unauthorized) for "https://prod.uxcrowd.ru/api/account/"  	[MsgId: MERR-26630]
Action.c(9): Continuing after Error -26630: HTTP Status-Code=401 (Unauthorized) for "https://prod.uxcrowd.ru/api/account/"  	[MsgId: MERR-26630]
End auto log messages stack.	[MsgId: MMSG-10544]


End auto log messages stack.	[MsgId: MMSG-10544]


Start auto log messages stack - Iteration 1.	[MsgId: MMSG-10545]
Start auto log messages stack - Iteration 1.	[MsgId: MMSG-10545]
Start auto log messages stack - Iteration 1.	[MsgId: MMSG-10545]
Start auto log messages stack - Iteration 1.	[MsgId: MMSG-10545]
Starting action Action.	[MsgId: MMSG-15919]
Action.c(3): web_set_max_html_param_len started  	[MsgId: MMSG-26355]
Action.c(3): web_set_max_html_param_len was successful  	[MsgId: MMSG-26392]
Action.c(5): web_reg_save_param started  	[MsgId: MMSG-26355]
Action.c(5): Registering web_reg_save_param was successful  	[MsgId: MMSG-26390]
Action.c(9): web_custom_request("get_token") started  	[MsgId: MMSG-26355]
Action.c(9): Continuing after Error -26547: Authentication required, please use "web_set_user", e.g. web_set_user("domain\\user", "password", "host:port");  	[MsgId: MERR-26547]
Action.c(9): Continuing after Error -26630: HTTP Status-Code=401 (Unauthorized) for "https://prod.uxcrowd.ru/api/account/"  	[MsgId: MERR-26630]
Starting action Action.	[MsgId: MMSG-15919]
Action.c(3): web_set_max_html_param_len started  	[MsgId: MMSG-26355]
Action.c(3): web_set_max_html_param_len was successful  	[MsgId: MMSG-26392]
Action.c(5): web_reg_save_param started  	[MsgId: MMSG-26355]
End auto log messages stack.	[MsgId: MMSG-10544]
Action.c(5): Registering web_reg_save_param was successful  	[MsgId: MMSG-26390]


Action.c(9): web_custom_request("get_token") started  	[MsgId: MMSG-26355]
Action.c(9): Continuing after Error -26547: Authentication required, please use "web_set_user", e.g. web_set_user("domain\\user", "password", "host:port");  	[MsgId: MERR-26547]
Action.c(9): Continuing after Error -26630: HTTP Status-Code=401 (Unauthorized) for "https://prod.uxcrowd.ru/api/account/"  	[MsgId: MERR-26630]
Starting action Action.	[MsgId: MMSG-15919]
Action.c(3): web_set_max_html_param_len started  	[MsgId: MMSG-26355]
Action.c(3): web_set_max_html_param_len was successful  	[MsgId: MMSG-26392]
Action.c(5): web_reg_save_param started  	[MsgId: MMSG-26355]
Action.c(5): Registering web_reg_save_param was successful  	[MsgId: MMSG-26390]
Action.c(9): web_custom_request("get_token") started  	[MsgId: MMSG-26355]
Action.c(9): Continuing after Error -26547: Authentication required, please use "web_set_user", e.g. web_set_user("domain\\user", "password", "host:port");  	[MsgId: MERR-26547]
End auto log messages stack.	[MsgId: MMSG-10544]


Starting action Action.	[MsgId: MMSG-15919]
Action.c(3): web_set_max_html_param_len started  	[MsgId: MMSG-26355]
Action.c(3): web_set_max_html_param_len was successful  	[MsgId: MMSG-26392]
Action.c(5): web_reg_save_param started  	[MsgId: MMSG-26355]
Action.c(5): Registering web_reg_save_param was successful  	[MsgId: MMSG-26390]
Action.c(9): Continuing after Error -26630: HTTP Status-Code=401 (Unauthorized) for "https://prod.uxcrowd.ru/api/account/"  	[MsgId: MERR-26630]
Action.c(9): web_custom_request("get_token") started  	[MsgId: MMSG-26355]
Action.c(9): Continuing after Error -26547: Authentication required, please use "web_set_user", e.g. web_set_user("domain\\user", "password", "host:port");  	[MsgId: MERR-26547]
End auto log messages stack.	[MsgId: MMSG-10544]


Action.c(9): Continuing after Error -26630: HTTP Status-Code=401 (Unauthorized) for "https://prod.uxcrowd.ru/api/account/"  	[MsgId: MERR-26630]
End auto log messages stack.	[MsgId: MMSG-10544]


Start auto log messages stack - Iteration 1.	[MsgId: MMSG-10545]
Action.c(63): web_custom_request("profile_3") was successful, 246 body bytes, 672 header bytes, 11 chunking overhead bytes  	[MsgId: MMSG-26385]
Action.c(72): web_custom_request("api/account") started  	[MsgId: MMSG-26355]
Action.c(72): HTML parsing not performed for Content-Type "application/json" ("ParseHtmlContentType" Runtime Setting is "TEXT"). URL="https://prod.uxcrowd.ru/api/account"  	[MsgId: MMSG-26548]
Action.c(72): web_custom_request("api/account") was successful, 428 body bytes, 672 header bytes, 12 chunking overhead bytes  	[MsgId: MMSG-26385]
Action.c(81): web_submit_data("api/video-upload-app") started  	[MsgId: MMSG-26355]
Action.c(81): Continuing after Error -26631: HTTP Status-Code=400 (Bad Request) for "https://prod.uxcrowd.ru/api/lk-video-upload-app"  	[MsgId: MERR-26631]
End auto log messages stack.	[MsgId: MMSG-10544]


Start auto log messages stack - Iteration 1.	[MsgId: MMSG-10545]
Action.c(63): web_custom_request("profile_3") was successful, 246 body bytes, 672 header bytes, 11 chunking overhead bytes  	[MsgId: MMSG-26385]
Action.c(72): web_custom_request("api/account") started  	[MsgId: MMSG-26355]
Action.c(72): HTML parsing not performed for Content-Type "application/json" ("ParseHtmlContentType" Runtime Setting is "TEXT"). URL="https://prod.uxcrowd.ru/api/account"  	[MsgId: MMSG-26548]
Action.c(72): web_custom_request("api/account") was successful, 428 body bytes, 672 header bytes, 12 chunking overhead bytes  	[MsgId: MMSG-26385]
Action.c(81): web_submit_data("api/video-upload-app") started  	[MsgId: MMSG-26355]
Action.c(81): Continuing after Error -26631: HTTP Status-Code=400 (Bad Request) for "https://prod.uxcrowd.ru/api/lk-video-upload-app"  	[MsgId: MERR-26631]
End auto log messages stack.	[MsgId: MMSG-10544]


Start auto log messages stack - Iteration 1.	[MsgId: MMSG-10545]
Action.c(63): web_custom_request("profile_3") was successful, 246 body bytes, 672 header bytes, 11 chunking overhead bytes  	[MsgId: MMSG-26385]
Action.c(72): web_custom_request("api/account") started  	[MsgId: MMSG-26355]
Action.c(72): HTML parsing not performed for Content-Type "application/json" ("ParseHtmlContentType" Runtime Setting is "TEXT"). URL="https://prod.uxcrowd.ru/api/account"  	[MsgId: MMSG-26548]
Action.c(72): web_custom_request("api/account") was successful, 428 body bytes, 672 header bytes, 12 chunking overhead bytes  	[MsgId: MMSG-26385]
Action.c(81): web_submit_data("api/video-upload-app") started  	[MsgId: MMSG-26355]
Action.c(81): Continuing after Error -26631: HTTP Status-Code=400 (Bad Request) for "https://prod.uxcrowd.ru/api/lk-video-upload-app"  	[MsgId: MERR-26631]
End auto log messages stack.	[MsgId: MMSG-10544]


Start auto log messages stack - Iteration 1.	[MsgId: MMSG-10545]
Action.c(63): web_custom_request("profile_3") was successful, 246 body bytes, 672 header bytes, 11 chunking overhead bytes  	[MsgId: MMSG-26385]
Action.c(72): web_custom_request("api/account") started  	[MsgId: MMSG-26355]
Action.c(72): HTML parsing not performed for Content-Type "application/json" ("ParseHtmlContentType" Runtime Setting is "TEXT"). URL="https://prod.uxcrowd.ru/api/account"  	[MsgId: MMSG-26548]
Action.c(72): web_custom_request("api/account") was successful, 428 body bytes, 672 header bytes, 12 chunking overhead bytes  	[MsgId: MMSG-26385]
Action.c(81): web_submit_data("api/video-upload-app") started  	[MsgId: MMSG-26355]
Action.c(81): Continuing after Error -26631: HTTP Status-Code=400 (Bad Request) for "https://prod.uxcrowd.ru/api/lk-video-upload-app"  	[MsgId: MERR-26631]
End auto log messages stack.	[MsgId: MMSG-10544]


Start auto log messages stack - Iteration 1.	[MsgId: MMSG-10545]
Action.c(63): web_custom_request("profile_3") was successful, 246 body bytes, 672 header bytes, 11 chunking overhead bytes  	[MsgId: MMSG-26385]
Action.c(72): web_custom_request("api/account") started  	[MsgId: MMSG-26355]
Action.c(72): HTML parsing not performed for Content-Type "application/json" ("ParseHtmlContentType" Runtime Setting is "TEXT"). URL="https://prod.uxcrowd.ru/api/account"  	[MsgId: MMSG-26548]
Action.c(72): web_custom_request("api/account") was successful, 431 body bytes, 672 header bytes, 12 chunking overhead bytes  	[MsgId: MMSG-26385]
Action.c(81): web_submit_data("api/video-upload-app") started  	[MsgId: MMSG-26355]
Action.c(81): Continuing after Error -26631: HTTP Status-Code=400 (Bad Request) for "https://prod.uxcrowd.ru/api/lk-video-upload-app"  	[MsgId: MERR-26631]
End auto log messages stack.	[MsgId: MMSG-10544]


Start auto log messages stack - Iteration 1.	[MsgId: MMSG-10545]
Action.c(63): web_custom_request("profile_3") was successful, 246 body bytes, 672 header bytes, 11 chunking overhead bytes  	[MsgId: MMSG-26385]
Action.c(72): web_custom_request("api/account") started  	[MsgId: MMSG-26355]
Action.c(72): HTML parsing not performed for Content-Type "application/json" ("ParseHtmlContentType" Runtime Setting is "TEXT"). URL="https://prod.uxcrowd.ru/api/account"  	[MsgId: MMSG-26548]
Action.c(72): web_custom_request("api/account") was successful, 428 body bytes, 672 header bytes, 12 chunking overhead bytes  	[MsgId: MMSG-26385]
Action.c(81): web_submit_data("api/video-upload-app") started  	[MsgId: MMSG-26355]
Action.c(81): Continuing after Error -26631: HTTP Status-Code=400 (Bad Request) for "https://prod.uxcrowd.ru/api/lk-video-upload-app"  	[MsgId: MERR-26631]
End auto log messages stack.	[MsgId: MMSG-10544]


Start auto log messages stack - Iteration 2.	[MsgId: MMSG-10545]
Start auto log messages stack - Iteration 2.	[MsgId: MMSG-10545]
Starting action Action.	[MsgId: MMSG-15919]
Action.c(3): web_set_max_html_param_len started  	[MsgId: MMSG-26355]
Action.c(3): web_set_max_html_param_len was successful  	[MsgId: MMSG-26392]
Starting action Action.	[MsgId: MMSG-15919]
Action.c(5): web_reg_save_param started  	[MsgId: MMSG-26355]
Action.c(3): web_set_max_html_param_len started  	[MsgId: MMSG-26355]
Action.c(5): Registering web_reg_save_param was successful  	[MsgId: MMSG-26390]
Action.c(3): web_set_max_html_param_len was successful  	[MsgId: MMSG-26392]
Action.c(9): web_custom_request("get_token") started  	[MsgId: MMSG-26355]
Action.c(5): web_reg_save_param started  	[MsgId: MMSG-26355]
Action.c(9): Continuing after Error -26547: Authentication required, please use "web_set_user", e.g. web_set_user("domain\\user", "password", "host:port");  	[MsgId: MERR-26547]
Action.c(5): Registering web_reg_save_param was successful  	[MsgId: MMSG-26390]
Action.c(9): web_custom_request("get_token") started  	[MsgId: MMSG-26355]
Action.c(9): Continuing after Error -26547: Authentication required, please use "web_set_user", e.g. web_set_user("domain\\user", "password", "host:port");  	[MsgId: MERR-26547]
Action.c(9): Continuing after Error -26630: HTTP Status-Code=401 (Unauthorized) for "https://prod.uxcrowd.ru/api/account/"  	[MsgId: MERR-26630]
Action.c(9): Continuing after Error -26630: HTTP Status-Code=401 (Unauthorized) for "https://prod.uxcrowd.ru/api/account/"  	[MsgId: MERR-26630]
End auto log messages stack.	[MsgId: MMSG-10544]


End auto log messages stack.	[MsgId: MMSG-10544]


Start auto log messages stack - Iteration 2.	[MsgId: MMSG-10545]
Starting action Action.	[MsgId: MMSG-15919]
Action.c(3): web_set_max_html_param_len started  	[MsgId: MMSG-26355]
Action.c(3): web_set_max_html_param_len was successful  	[MsgId: MMSG-26392]
Action.c(5): web_reg_save_param started  	[MsgId: MMSG-26355]
Action.c(5): Registering web_reg_save_param was successful  	[MsgId: MMSG-26390]
Action.c(9): web_custom_request("get_token") started  	[MsgId: MMSG-26355]
Action.c(9): Continuing after Error -26547: Authentication required, please use "web_set_user", e.g. web_set_user("domain\\user", "password", "host:port");  	[MsgId: MERR-26547]
Action.c(9): Continuing after Error -26630: HTTP Status-Code=401 (Unauthorized) for "https://prod.uxcrowd.ru/api/account/"  	[MsgId: MERR-26630]
End auto log messages stack.	[MsgId: MMSG-10544]


Start auto log messages stack - Iteration 2.	[MsgId: MMSG-10545]
Starting action Action.	[MsgId: MMSG-15919]
Action.c(3): web_set_max_html_param_len started  	[MsgId: MMSG-26355]
Action.c(3): web_set_max_html_param_len was successful  	[MsgId: MMSG-26392]
Action.c(5): web_reg_save_param started  	[MsgId: MMSG-26355]
Action.c(5): Registering web_reg_save_param was successful  	[MsgId: MMSG-26390]
Action.c(9): web_custom_request("get_token") started  	[MsgId: MMSG-26355]
Action.c(9): Continuing after Error -26547: Authentication required, please use "web_set_user", e.g. web_set_user("domain\\user", "password", "host:port");  	[MsgId: MERR-26547]
Action.c(9): Continuing after Error -26630: HTTP Status-Code=401 (Unauthorized) for "https://prod.uxcrowd.ru/api/account/"  	[MsgId: MERR-26630]
End auto log messages stack.	[MsgId: MMSG-10544]


Start auto log messages stack - Iteration 2.	[MsgId: MMSG-10545]
Starting action Action.	[MsgId: MMSG-15919]
Action.c(3): web_set_max_html_param_len started  	[MsgId: MMSG-26355]
Action.c(3): web_set_max_html_param_len was successful  	[MsgId: MMSG-26392]
Action.c(5): web_reg_save_param started  	[MsgId: MMSG-26355]
Action.c(5): Registering web_reg_save_param was successful  	[MsgId: MMSG-26390]
Action.c(9): web_custom_request("get_token") started  	[MsgId: MMSG-26355]
Action.c(9): Continuing after Error -26547: Authentication required, please use "web_set_user", e.g. web_set_user("domain\\user", "password", "host:port");  	[MsgId: MERR-26547]
Action.c(9): Continuing after Error -26630: HTTP Status-Code=401 (Unauthorized) for "https://prod.uxcrowd.ru/api/account/"  	[MsgId: MERR-26630]
End auto log messages stack.	[MsgId: MMSG-10544]


Start auto log messages stack - Iteration 2.	[MsgId: MMSG-10545]
Action.c(63): web_custom_request("profile_3") was successful, 246 body bytes, 672 header bytes, 11 chunking overhead bytes  	[MsgId: MMSG-26385]
Action.c(72): web_custom_request("api/account") started  	[MsgId: MMSG-26355]
Action.c(72): HTML parsing not performed for Content-Type "application/json" ("ParseHtmlContentType" Runtime Setting is "TEXT"). URL="https://prod.uxcrowd.ru/api/account"  	[MsgId: MMSG-26548]
Action.c(72): web_custom_request("api/account") was successful, 431 body bytes, 672 header bytes, 12 chunking overhead bytes  	[MsgId: MMSG-26385]
Action.c(81): web_submit_data("api/video-upload-app") started  	[MsgId: MMSG-26355]
Action.c(81): Continuing after Error -26631: HTTP Status-Code=400 (Bad Request) for "https://prod.uxcrowd.ru/api/lk-video-upload-app"  	[MsgId: MERR-26631]
End auto log messages stack.	[MsgId: MMSG-10544]


Start auto log messages stack - Iteration 2.	[MsgId: MMSG-10545]
Action.c(63): web_custom_request("profile_3") was successful, 246 body bytes, 672 header bytes, 11 chunking overhead bytes  	[MsgId: MMSG-26385]
Action.c(72): web_custom_request("api/account") started  	[MsgId: MMSG-26355]
Action.c(72): HTML parsing not performed for Content-Type "application/json" ("ParseHtmlContentType" Runtime Setting is "TEXT"). URL="https://prod.uxcrowd.ru/api/account"  	[MsgId: MMSG-26548]
Action.c(72): web_custom_request("api/account") was successful, 431 body bytes, 672 header bytes, 12 chunking overhead bytes  	[MsgId: MMSG-26385]
Action.c(81): web_submit_data("api/video-upload-app") started  	[MsgId: MMSG-26355]
Action.c(81): Continuing after Error -26631: HTTP Status-Code=400 (Bad Request) for "https://prod.uxcrowd.ru/api/lk-video-upload-app"  	[MsgId: MERR-26631]
End auto log messages stack.	[MsgId: MMSG-10544]


Start auto log messages stack - Iteration 2.	[MsgId: MMSG-10545]
Action.c(63): web_custom_request("profile_3") was successful, 246 body bytes, 672 header bytes, 11 chunking overhead bytes  	[MsgId: MMSG-26385]
Action.c(72): web_custom_request("api/account") started  	[MsgId: MMSG-26355]
Action.c(72): HTML parsing not performed for Content-Type "application/json" ("ParseHtmlContentType" Runtime Setting is "TEXT"). URL="https://prod.uxcrowd.ru/api/account"  	[MsgId: MMSG-26548]
Action.c(72): web_custom_request("api/account") was successful, 431 body bytes, 672 header bytes, 12 chunking overhead bytes  	[MsgId: MMSG-26385]
Action.c(81): web_submit_data("api/video-upload-app") started  	[MsgId: MMSG-26355]
Action.c(81): Continuing after Error -26631: HTTP Status-Code=400 (Bad Request) for "https://prod.uxcrowd.ru/api/lk-video-upload-app"  	[MsgId: MERR-26631]
End auto log messages stack.	[MsgId: MMSG-10544]


Start auto log messages stack - Iteration 2.	[MsgId: MMSG-10545]
Action.c(63): web_custom_request("profile_3") was successful, 246 body bytes, 672 header bytes, 11 chunking overhead bytes  	[MsgId: MMSG-26385]
Action.c(72): web_custom_request("api/account") started  	[MsgId: MMSG-26355]
Action.c(72): HTML parsing not performed for Content-Type "application/json" ("ParseHtmlContentType" Runtime Setting is "TEXT"). URL="https://prod.uxcrowd.ru/api/account"  	[MsgId: MMSG-26548]
Action.c(72): web_custom_request("api/account") was successful, 430 body bytes, 672 header bytes, 12 chunking overhead bytes  	[MsgId: MMSG-26385]
Action.c(81): web_submit_data("api/video-upload-app") started  	[MsgId: MMSG-26355]
Action.c(81): Continuing after Error -26631: HTTP Status-Code=400 (Bad Request) for "https://prod.uxcrowd.ru/api/lk-video-upload-app"  	[MsgId: MERR-26631]
End auto log messages stack.	[MsgId: MMSG-10544]


Start auto log messages stack - Iteration 2.	[MsgId: MMSG-10545]
Action.c(63): web_custom_request("profile_3") was successful, 246 body bytes, 672 header bytes, 11 chunking overhead bytes  	[MsgId: MMSG-26385]
Action.c(72): web_custom_request("api/account") started  	[MsgId: MMSG-26355]
Action.c(72): HTML parsing not performed for Content-Type "application/json" ("ParseHtmlContentType" Runtime Setting is "TEXT"). URL="https://prod.uxcrowd.ru/api/account"  	[MsgId: MMSG-26548]
Action.c(72): web_custom_request("api/account") was successful, 431 body bytes, 672 header bytes, 12 chunking overhead bytes  	[MsgId: MMSG-26385]
Action.c(81): web_submit_data("api/video-upload-app") started  	[MsgId: MMSG-26355]
Action.c(81): Continuing after Error -26631: HTTP Status-Code=400 (Bad Request) for "https://prod.uxcrowd.ru/api/lk-video-upload-app"  	[MsgId: MERR-26631]
End auto log messages stack.	[MsgId: MMSG-10544]


